<?xml version="1.0" encoding="UTF-8"?>
<testng-results ignored="0" total="1" passed="1" failed="0" skipped="0">
  <reporter-output>
  </reporter-output>
  <suite started-at="2023-05-25T19:10:39Z" name="Default suite" finished-at="2023-05-25T19:10:57Z" duration-ms="18722">
    <groups>
    </groups>
    <test started-at="2023-05-25T19:10:39Z" name="Default test" finished-at="2023-05-25T19:10:57Z" duration-ms="18722">
      <class name="wordpress.NewTest">
        <test-method is-config="true" signature="beforeTest()[pri:0, instance:wordpress.NewTest@6a2eea2a]" started-at="2023-05-25T19:10:39Z" name="beforeTest" finished-at="2023-05-25T19:10:39Z" duration-ms="12" status="PASS">
          <reporter-output>
          </reporter-output>
        </test-method> <!-- beforeTest -->
        <test-method signature="f()[pri:0, instance:wordpress.NewTest@6a2eea2a]" started-at="2023-05-25T19:10:39Z" name="f" finished-at="2023-05-25T19:10:57Z" duration-ms="18252" status="PASS">
          <reporter-output>
          </reporter-output>
        </test-method> <!-- f -->
        <test-method is-config="true" signature="afterTest()[pri:0, instance:wordpress.NewTest@6a2eea2a]" started-at="2023-05-25T19:10:57Z" name="afterTest" finished-at="2023-05-25T19:10:57Z" duration-ms="438" status="PASS">
          <reporter-output>
          </reporter-output>
        </test-method> <!-- afterTest -->
      </class> <!-- wordpress.NewTest -->
    </test> <!-- Default test -->
  </suite> <!-- Default suite -->
</testng-results>
